DEBUG:root:Tokens: ['+', '1', '2', ')']
Array> []
Current Token: (
DEBUG:root:Tokens: ['1', '2', ')']
Array> []
Current Token: +
DEBUG:root:Tokens: ['2', ')']
Array> [{'type': 'identifier', 'value': '+'}]
Current Token: 1
DEBUG:root:Tokens: [')']
Array> [{'type': 'identifier', 'value': '+'}, {'type': 'literal', 'value': '1'}]
Current Token: 2
DEBUG:root:Tokens: []
Array> [{'type': 'identifier', 'value': '+'}, {'type': 'literal', 'value': '1'}, {'type': 'literal', 'value': '2'}]
Current Token: )
DEBUG:root:Tokens: ['+', '1', '2', ')']
Array> []
Current Token: (
----
DEBUG:root:Tokens: ['1', '2', ')']
Array> []
Current Token: +
----
DEBUG:root:Tokens: ['2', ')']
Array> [{'type': 'identifier', 'value': '+'}]
Current Token: 1
----
DEBUG:root:Tokens: [')']
Array> [{'type': 'identifier', 'value': '+'}, {'type': 'literal', 'value': '1'}]
Current Token: 2
----
DEBUG:root:Tokens: []
Array> [{'type': 'identifier', 'value': '+'}, {'type': 'literal', 'value': '1'}, {'type': 'literal', 'value': '2'}]
Current Token: )
----
DEBUG:root:Tokens: []
Array> [{'type': 'identifier', 'value': '+'}, {'type': 'literal', 'value': '1'}, {'type': 'literal', 'value': '2'}]
Current Token: 2
----
DEBUG:root:Tokens: []
Array> [{'type': 'identifier', 'value': '+'}, {'type': 'literal', 'value': '1'}, {'type': 'literal', 'value': '2'}]
Current Token: 1
----
DEBUG:root:Tokens: []
Array> [{'type': 'identifier', 'value': '+'}, {'type': 'literal', 'value': '1'}, {'type': 'literal', 'value': '2'}]
Current Token: +
----
DEBUG:root:Tokens: []
Array> [{'type': 'identifier', 'value': '+'}, {'type': 'literal', 'value': '1'}, {'type': 'literal', 'value': '2'}]
Current Token: 2
----
DEBUG:root:Tokens: []
Array> [{'type': 'identifier', 'value': '+'}, {'type': 'literal', 'value': '1'}, {'type': 'literal', 'value': '2'}]
Current Token: 1
----
DEBUG:root:Tokens: []
Array> [{'type': 'identifier', 'value': '+'}, {'type': 'literal', 'value': '1'}, {'type': 'literal', 'value': '2'}]
Current Token: +
----
DEBUG:root:Tokens: []
Array> [{'type': 'identifier', 'value': '+'}, {'type': 'literal', 'value': '1'}, {'type': 'literal', 'value': '2'}]
Current Token: 2
----
DEBUG:root:Tokens: []
Array> [{'type': 'identifier', 'value': '+'}, {'type': 'literal', 'value': '1'}, {'type': 'literal', 'value': '2'}]
Current Token: 1
----
DEBUG:root:Tokens: []
Array> [{'type': 'identifier', 'value': '+'}, {'type': 'literal', 'value': '1'}, {'type': 'literal', 'value': '2'}]
Current Token: +
----
DEBUG:root:Tokens: []
Array> [{'type': 'identifier', 'value': '+'}]
Current Token: +
----
DEBUG:root:Tokens: []
Array> [{'type': 'identifier', 'value': '+'}]
Current Token: +
----
DEBUG:root:Tokens: []
Array> [{'type': 'identifier', 'value': '+'}, {'type': 'literal', 'value': '2'}, {'type': 'literal', 'value': '3'}]
Current Token: 3
----
DEBUG:root:Tokens: []
Array> [{'type': 'identifier', 'value': '+'}, {'type': 'literal', 'value': '2'}, {'type': 'literal', 'value': '3'}]
Current Token: 2
----
DEBUG:root:Tokens: []
Array> [{'type': 'identifier', 'value': '+'}, {'type': 'literal', 'value': '2'}, {'type': 'literal', 'value': '3'}]
Current Token: +
----
DEBUG:root:Tokens: []
Array> [{'type': 'identifier', 'value': '+'}, {'type': 'literal', 'value': '2'}, {'type': 'literal', 'value': '3'}]
Current Token: 3
----
DEBUG:root:Tokens: []
Array> [{'type': 'identifier', 'value': '+'}, {'type': 'literal', 'value': '2'}, {'type': 'literal', 'value': '3'}]
Current Token: 2
----
DEBUG:root:Tokens: []
Array> [{'type': 'identifier', 'value': '+'}, {'type': 'literal', 'value': '2'}, {'type': 'literal', 'value': '3'}]
Current Token: +
----
